2015-11-10 15:26:56 10fc InnoDB: Warning: Using innodb_additional_mem_pool_size is DEPRECATED. This option may be removed in future releases, together with the option innodb_use_sys_malloc and with the InnoDB's internal memory allocator.
2015-11-10 15:26:56 4348 [Note] InnoDB: Using mutexes to ref count buffer pool pages
2015-11-10 15:26:56 4348 [Note] InnoDB: The InnoDB memory heap is disabled
2015-11-10 15:26:56 4348 [Note] InnoDB: Mutexes and rw_locks use Windows interlocked functions
2015-11-10 15:26:56 4348 [Note] InnoDB: Memory barrier is not used
2015-11-10 15:26:56 4348 [Note] InnoDB: Compressed tables use zlib 1.2.3
2015-11-10 15:26:56 4348 [Note] InnoDB: Not using CPU crc32 instructions
2015-11-10 15:26:56 4348 [Note] InnoDB: Initializing buffer pool, size = 16.0M
2015-11-10 15:26:56 4348 [Note] InnoDB: Completed initialization of buffer pool
2015-11-10 15:26:56 4348 [Note] InnoDB: Highest supported file format is Barracuda.
2015-11-10 15:26:57 4348 [Note] InnoDB: 128 rollback segment(s) are active.
2015-11-10 15:26:57 4348 [Note] InnoDB: Waiting for purge to start
2015-11-10 15:26:57 4348 [Note] InnoDB:  Percona XtraDB (http://www.percona.com) 5.6.26-74.0 started; log sequence number 1835027
2015-11-10 15:26:57 6140 [Note] InnoDB: Dumping buffer pool(s) not yet started
2015-11-10 15:26:57 4348 [Note] Plugin 'FEEDBACK' is disabled.
2015-11-10 15:26:57 4348 [Note] Server socket created on IP: '::'.
2015-11-10 15:26:57 4348 [Note] Event Scheduler: Loaded 0 events
2015-11-10 15:26:57 4348 [Note] C:\xampp\mysql\bin\mysqld.exe: ready for connections.
Version: '10.1.8-MariaDB'  socket: ''  port: 3306  mariadb.org binary distribution
2015-11-10 15:27:11 5152 [Note] C:\xampp\mysql\bin\mysqld.exe: Normal shutdown

2015-11-10 15:27:11 5152 [Note] Event Scheduler: Purging the queue. 0 events
2015-11-10 15:27:11 5732 [Note] InnoDB: FTS optimize thread exiting.
2015-11-10 15:27:11 5152 [Note] InnoDB: Starting shutdown...
2015-11-10 15:27:13 5152 [Note] InnoDB: Shutdown completed; log sequence number 1835037
2015-11-10 15:27:13 5152 [Note] C:\xampp\mysql\bin\mysqld.exe: Shutdown complete

2018-07-07 21:55:54 34c0 InnoDB: Warning: Using innodb_additional_mem_pool_size is DEPRECATED. This option may be removed in future releases, together with the option innodb_use_sys_malloc and with the InnoDB's internal memory allocator.
2018-07-07 21:55:54 13504 [Note] InnoDB: innodb_empty_free_list_algorithm has been changed to legacy because of small buffer pool size. In order to use backoff, increase buffer pool at least up to 20MB.

2018-07-07 21:55:54 13504 [Note] InnoDB: Using mutexes to ref count buffer pool pages
2018-07-07 21:55:54 13504 [Note] InnoDB: The InnoDB memory heap is disabled
2018-07-07 21:55:54 13504 [Note] InnoDB: Mutexes and rw_locks use Windows interlocked functions
2018-07-07 21:55:54 13504 [Note] InnoDB: _mm_lfence() and _mm_sfence() are used for memory barrier
2018-07-07 21:55:54 13504 [Note] InnoDB: Compressed tables use zlib 1.2.3
2018-07-07 21:55:54 13504 [Note] InnoDB: Using generic crc32 instructions
2018-07-07 21:55:54 13504 [Note] InnoDB: Initializing buffer pool, size = 16.0M
2018-07-07 21:55:54 13504 [Note] InnoDB: Completed initialization of buffer pool
2018-07-07 21:55:54 13504 [Note] InnoDB: Highest supported file format is Barracuda.
2018-07-07 21:55:54 13504 [Note] InnoDB: 128 rollback segment(s) are active.
2018-07-07 21:55:54 13504 [Note] InnoDB: Waiting for purge to start
2018-07-07 21:55:54 13504 [Note] InnoDB:  Percona XtraDB (http://www.percona.com) 5.6.39-83.1 started; log sequence number 1835037
2018-07-07 21:55:54 14440 [Note] InnoDB: Dumping buffer pool(s) not yet started
2018-07-07 21:55:54 13504 [Note] Plugin 'FEEDBACK' is disabled.
2018-07-07 21:55:54 13504 [Note] Server socket created on IP: '::'.
2018-07-07 21:55:54 13504 [Note] c:\xampp\mysql\bin\mysqld.exe: ready for connections.
Version: '10.1.33-MariaDB'  socket: ''  port: 3306  mariadb.org binary distribution
2018-07-07 22:11:40 125c InnoDB: Warning: Using innodb_additional_mem_pool_size is DEPRECATED. This option may be removed in future releases, together with the option innodb_use_sys_malloc and with the InnoDB's internal memory allocator.
2018-07-07 22:11:40 4700 [Note] InnoDB: innodb_empty_free_list_algorithm has been changed to legacy because of small buffer pool size. In order to use backoff, increase buffer pool at least up to 20MB.

2018-07-07 22:11:41 4700 [Note] InnoDB: Using mutexes to ref count buffer pool pages
2018-07-07 22:11:41 4700 [Note] InnoDB: The InnoDB memory heap is disabled
2018-07-07 22:11:41 4700 [Note] InnoDB: Mutexes and rw_locks use Windows interlocked functions
2018-07-07 22:11:41 4700 [Note] InnoDB: _mm_lfence() and _mm_sfence() are used for memory barrier
2018-07-07 22:11:41 4700 [Note] InnoDB: Compressed tables use zlib 1.2.3
2018-07-07 22:11:41 4700 [Note] InnoDB: Using generic crc32 instructions
2018-07-07 22:11:41 4700 [Note] InnoDB: Initializing buffer pool, size = 16.0M
2018-07-07 22:11:41 4700 [Note] InnoDB: Completed initialization of buffer pool
2018-07-07 22:11:41 4700 [Note] InnoDB: Highest supported file format is Barracuda.
2018-07-07 22:11:41 4700 [Note] InnoDB: The log sequence number 1835037 in ibdata file do not match the log sequence number 1835181 in the ib_logfiles!
2018-07-07 22:11:41 4700 [Note] InnoDB: Restoring possible half-written data pages from the doublewrite buffer...
2018-07-07 22:11:41 4700 [Note] InnoDB: 128 rollback segment(s) are active.
2018-07-07 22:11:41 4700 [Note] InnoDB: Waiting for purge to start
2018-07-07 22:11:41 4700 [Note] InnoDB:  Percona XtraDB (http://www.percona.com) 5.6.39-83.1 started; log sequence number 1835181
2018-07-07 22:11:41 6104 [Note] InnoDB: Dumping buffer pool(s) not yet started
2018-07-07 22:11:41 4700 [Note] Plugin 'FEEDBACK' is disabled.
2018-07-07 22:11:41 4700 [Note] Server socket created on IP: '::'.
2018-07-07 22:11:41 4700 [Note] c:\xampp\mysql\bin\mysqld.exe: ready for connections.
Version: '10.1.33-MariaDB'  socket: ''  port: 3306  mariadb.org binary distribution
2018-07-07 22:13:55 34c8 InnoDB: Warning: Using innodb_additional_mem_pool_size is DEPRECATED. This option may be removed in future releases, together with the option innodb_use_sys_malloc and with the InnoDB's internal memory allocator.
2018-07-07 22:13:55 13512 [Note] InnoDB: innodb_empty_free_list_algorithm has been changed to legacy because of small buffer pool size. In order to use backoff, increase buffer pool at least up to 20MB.

2018-07-07 22:13:55 13512 [Note] InnoDB: Using mutexes to ref count buffer pool pages
2018-07-07 22:13:55 13512 [Note] InnoDB: The InnoDB memory heap is disabled
2018-07-07 22:13:55 13512 [Note] InnoDB: Mutexes and rw_locks use Windows interlocked functions
2018-07-07 22:13:55 13512 [Note] InnoDB: _mm_lfence() and _mm_sfence() are used for memory barrier
2018-07-07 22:13:55 13512 [Note] InnoDB: Compressed tables use zlib 1.2.3
2018-07-07 22:13:55 13512 [Note] InnoDB: Using generic crc32 instructions
2018-07-07 22:13:55 13512 [Note] InnoDB: Initializing buffer pool, size = 16.0M
2018-07-07 22:13:55 13512 [Note] InnoDB: Completed initialization of buffer pool
2018-07-07 22:13:55 13512 [Note] InnoDB: Highest supported file format is Barracuda.
2018-07-07 22:13:55 13512 [Note] InnoDB: The log sequence number 1835037 in ibdata file do not match the log sequence number 1835191 in the ib_logfiles!
2018-07-07 22:13:55 13512 [Note] InnoDB: Restoring possible half-written data pages from the doublewrite buffer...
2018-07-07 22:13:55 13512 [Note] InnoDB: 128 rollback segment(s) are active.
2018-07-07 22:13:55 13512 [Note] InnoDB: Waiting for purge to start
2018-07-07 22:13:55 13512 [Note] InnoDB:  Percona XtraDB (http://www.percona.com) 5.6.39-83.1 started; log sequence number 1835191
2018-07-07 22:13:55 12444 [Note] InnoDB: Dumping buffer pool(s) not yet started
2018-07-07 22:13:55 13512 [Note] Plugin 'FEEDBACK' is disabled.
2018-07-07 22:13:55 13512 [Note] Server socket created on IP: '::'.
2018-07-07 22:13:55 13512 [Note] c:\xampp\mysql\bin\mysqld.exe: ready for connections.
Version: '10.1.33-MariaDB'  socket: ''  port: 3306  mariadb.org binary distribution
2018-07-08 09:15:30 2408 InnoDB: Warning: Using innodb_additional_mem_pool_size is DEPRECATED. This option may be removed in future releases, together with the option innodb_use_sys_malloc and with the InnoDB's internal memory allocator.
2018-07-08  9:15:30 9224 [Note] InnoDB: innodb_empty_free_list_algorithm has been changed to legacy because of small buffer pool size. In order to use backoff, increase buffer pool at least up to 20MB.

2018-07-08  9:15:30 9224 [Note] InnoDB: Using mutexes to ref count buffer pool pages
2018-07-08  9:15:30 9224 [Note] InnoDB: The InnoDB memory heap is disabled
2018-07-08  9:15:30 9224 [Note] InnoDB: Mutexes and rw_locks use Windows interlocked functions
2018-07-08  9:15:30 9224 [Note] InnoDB: _mm_lfence() and _mm_sfence() are used for memory barrier
2018-07-08  9:15:30 9224 [Note] InnoDB: Compressed tables use zlib 1.2.3
2018-07-08  9:15:30 9224 [Note] InnoDB: Using generic crc32 instructions
2018-07-08  9:15:30 9224 [Note] InnoDB: Initializing buffer pool, size = 16.0M
2018-07-08  9:15:30 9224 [Note] InnoDB: Completed initialization of buffer pool
2018-07-08  9:15:30 9224 [Note] InnoDB: Highest supported file format is Barracuda.
2018-07-08  9:15:30 9224 [Note] InnoDB: The log sequence number 1835037 in ibdata file do not match the log sequence number 1835201 in the ib_logfiles!
2018-07-08  9:15:30 9224 [Note] InnoDB: Restoring possible half-written data pages from the doublewrite buffer...
2018-07-08  9:15:30 9224 [Note] InnoDB: 128 rollback segment(s) are active.
2018-07-08  9:15:30 9224 [Note] InnoDB: Waiting for purge to start
2018-07-08  9:15:30 9224 [Note] InnoDB:  Percona XtraDB (http://www.percona.com) 5.6.39-83.1 started; log sequence number 1835201
2018-07-08  9:15:30 6804 [Note] InnoDB: Dumping buffer pool(s) not yet started
2018-07-08  9:15:30 9224 [Note] Plugin 'FEEDBACK' is disabled.
2018-07-08  9:15:30 9224 [Note] Server socket created on IP: '::'.
2018-07-08  9:15:30 9224 [Note] c:\xampp\mysql\bin\mysqld.exe: ready for connections.
Version: '10.1.33-MariaDB'  socket: ''  port: 3306  mariadb.org binary distribution
2018-07-08 09:50:25 3e60 InnoDB: Warning: Using innodb_additional_mem_pool_size is DEPRECATED. This option may be removed in future releases, together with the option innodb_use_sys_malloc and with the InnoDB's internal memory allocator.
2018-07-08  9:50:25 15968 [Note] InnoDB: innodb_empty_free_list_algorithm has been changed to legacy because of small buffer pool size. In order to use backoff, increase buffer pool at least up to 20MB.

2018-07-08  9:50:25 15968 [Note] InnoDB: Using mutexes to ref count buffer pool pages
2018-07-08  9:50:25 15968 [Note] InnoDB: The InnoDB memory heap is disabled
2018-07-08  9:50:25 15968 [Note] InnoDB: Mutexes and rw_locks use Windows interlocked functions
2018-07-08  9:50:25 15968 [Note] InnoDB: _mm_lfence() and _mm_sfence() are used for memory barrier
2018-07-08  9:50:25 15968 [Note] InnoDB: Compressed tables use zlib 1.2.3
2018-07-08  9:50:25 15968 [Note] InnoDB: Using generic crc32 instructions
2018-07-08  9:50:25 15968 [Note] InnoDB: Initializing buffer pool, size = 16.0M
2018-07-08  9:50:25 15968 [Note] InnoDB: Completed initialization of buffer pool
2018-07-08  9:50:25 15968 [Note] InnoDB: Highest supported file format is Barracuda.
2018-07-08  9:50:25 15968 [Note] InnoDB: The log sequence number 1835037 in ibdata file do not match the log sequence number 1835211 in the ib_logfiles!
2018-07-08  9:50:25 15968 [Note] InnoDB: Restoring possible half-written data pages from the doublewrite buffer...
2018-07-08  9:50:25 15968 [Note] InnoDB: 128 rollback segment(s) are active.
2018-07-08  9:50:25 15968 [Note] InnoDB: Waiting for purge to start
2018-07-08  9:50:25 15968 [Note] InnoDB:  Percona XtraDB (http://www.percona.com) 5.6.39-83.1 started; log sequence number 1835211
2018-07-08  9:50:25 13452 [Note] InnoDB: Dumping buffer pool(s) not yet started
2018-07-08  9:50:25 15968 [Note] Plugin 'FEEDBACK' is disabled.
2018-07-08  9:50:25 15968 [Note] Server socket created on IP: '::'.
2018-07-08  9:50:26 15968 [Note] c:\xampp\mysql\bin\mysqld.exe: ready for connections.
Version: '10.1.33-MariaDB'  socket: ''  port: 3306  mariadb.org binary distribution
2018-07-08 11:16:01 2ae8 InnoDB: Warning: Using innodb_additional_mem_pool_size is DEPRECATED. This option may be removed in future releases, together with the option innodb_use_sys_malloc and with the InnoDB's internal memory allocator.
2018-07-08 11:16:01 10984 [Note] InnoDB: innodb_empty_free_list_algorithm has been changed to legacy because of small buffer pool size. In order to use backoff, increase buffer pool at least up to 20MB.

2018-07-08 11:16:01 10984 [Note] InnoDB: Using mutexes to ref count buffer pool pages
2018-07-08 11:16:01 10984 [Note] InnoDB: The InnoDB memory heap is disabled
2018-07-08 11:16:01 10984 [Note] InnoDB: Mutexes and rw_locks use Windows interlocked functions
2018-07-08 11:16:01 10984 [Note] InnoDB: _mm_lfence() and _mm_sfence() are used for memory barrier
2018-07-08 11:16:01 10984 [Note] InnoDB: Compressed tables use zlib 1.2.3
2018-07-08 11:16:01 10984 [Note] InnoDB: Using generic crc32 instructions
2018-07-08 11:16:01 10984 [Note] InnoDB: Initializing buffer pool, size = 16.0M
2018-07-08 11:16:01 10984 [Note] InnoDB: Completed initialization of buffer pool
2018-07-08 11:16:01 10984 [Note] InnoDB: Highest supported file format is Barracuda.
2018-07-08 11:16:01 10984 [Note] InnoDB: The log sequence number 1835037 in ibdata file do not match the log sequence number 1844492 in the ib_logfiles!
2018-07-08 11:16:01 10984 [Note] InnoDB: Restoring possible half-written data pages from the doublewrite buffer...
2018-07-08 11:16:01 10984 [Note] InnoDB: 128 rollback segment(s) are active.
2018-07-08 11:16:01 10984 [Note] InnoDB: Waiting for purge to start
2018-07-08 11:16:01 10984 [Note] InnoDB:  Percona XtraDB (http://www.percona.com) 5.6.39-83.1 started; log sequence number 1844492
2018-07-08 11:16:01 14908 [Note] InnoDB: Dumping buffer pool(s) not yet started
2018-07-08 11:16:01 10984 [Note] Plugin 'FEEDBACK' is disabled.
2018-07-08 11:16:01 10984 [Note] Server socket created on IP: '::'.
2018-07-08 11:16:01 10984 [ERROR] mysqld.exe: Table '.\mysql\user' is marked as crashed and should be repaired
2018-07-08 11:16:01 10984 [Warning] Checking table:   '.\mysql\user'
2018-07-08 11:16:01 10984 [ERROR] mysql.user: 1 client is using or hasn't closed the table properly
2018-07-08 11:16:01 10984 [Note] c:\xampp\mysql\bin\mysqld.exe: ready for connections.
Version: '10.1.33-MariaDB'  socket: ''  port: 3306  mariadb.org binary distribution
2018-07-08 11:20:34 11300 [ERROR] Incorrect definition of table mysql.column_stats: expected column 'min_value' at position 3 to have type varbinary(255), found type varchar(255).
2018-07-08 11:20:34 11300 [ERROR] Incorrect definition of table mysql.column_stats: expected column 'max_value' at position 4 to have type varbinary(255), found type varchar(255).
2018-07-08 11:20:34 11300 [ERROR] Incorrect definition of table mysql.column_stats: expected column 'min_value' at position 3 to have type varbinary(255), found type varchar(255).
2018-07-08 11:20:34 11300 [ERROR] Incorrect definition of table mysql.column_stats: expected column 'max_value' at position 4 to have type varbinary(255), found type varchar(255).
2018-07-08 18:43:35 3df8 InnoDB: Warning: Using innodb_additional_mem_pool_size is DEPRECATED. This option may be removed in future releases, together with the option innodb_use_sys_malloc and with the InnoDB's internal memory allocator.
2018-07-08 18:43:35 15864 [Note] InnoDB: innodb_empty_free_list_algorithm has been changed to legacy because of small buffer pool size. In order to use backoff, increase buffer pool at least up to 20MB.

2018-07-08 18:43:35 15864 [Note] InnoDB: Using mutexes to ref count buffer pool pages
2018-07-08 18:43:35 15864 [Note] InnoDB: The InnoDB memory heap is disabled
2018-07-08 18:43:35 15864 [Note] InnoDB: Mutexes and rw_locks use Windows interlocked functions
2018-07-08 18:43:35 15864 [Note] InnoDB: _mm_lfence() and _mm_sfence() are used for memory barrier
2018-07-08 18:43:35 15864 [Note] InnoDB: Compressed tables use zlib 1.2.3
2018-07-08 18:43:35 15864 [Note] InnoDB: Using generic crc32 instructions
2018-07-08 18:43:35 15864 [Note] InnoDB: Initializing buffer pool, size = 16.0M
2018-07-08 18:43:35 15864 [Note] InnoDB: Completed initialization of buffer pool
2018-07-08 18:43:35 15864 [Note] InnoDB: Highest supported file format is Barracuda.
2018-07-08 18:43:35 15864 [Note] InnoDB: The log sequence number 1835037 in ibdata file do not match the log sequence number 1898174 in the ib_logfiles!
2018-07-08 18:43:35 15864 [Note] InnoDB: Restoring possible half-written data pages from the doublewrite buffer...
2018-07-08 18:43:36 15864 [Note] InnoDB: 128 rollback segment(s) are active.
2018-07-08 18:43:36 15864 [Note] InnoDB: Waiting for purge to start
2018-07-08 18:43:36 15864 [Note] InnoDB:  Percona XtraDB (http://www.percona.com) 5.6.39-83.1 started; log sequence number 1898174
2018-07-08 18:43:36 15676 [Note] InnoDB: Dumping buffer pool(s) not yet started
2018-07-08 18:43:36 15864 [Note] Plugin 'FEEDBACK' is disabled.
2018-07-08 18:43:36 15864 [Note] Server socket created on IP: '::'.
2018-07-08 18:43:36 15864 [Note] c:\xampp\mysql\bin\mysqld.exe: ready for connections.
Version: '10.1.33-MariaDB'  socket: ''  port: 3306  mariadb.org binary distribution
2018-07-08 19:10:29 2b44 InnoDB: Warning: Using innodb_additional_mem_pool_size is DEPRECATED. This option may be removed in future releases, together with the option innodb_use_sys_malloc and with the InnoDB's internal memory allocator.
2018-07-08 19:10:29 11076 [Note] InnoDB: innodb_empty_free_list_algorithm has been changed to legacy because of small buffer pool size. In order to use backoff, increase buffer pool at least up to 20MB.

2018-07-08 19:10:29 11076 [Note] InnoDB: Using mutexes to ref count buffer pool pages
2018-07-08 19:10:29 11076 [Note] InnoDB: The InnoDB memory heap is disabled
2018-07-08 19:10:29 11076 [Note] InnoDB: Mutexes and rw_locks use Windows interlocked functions
2018-07-08 19:10:29 11076 [Note] InnoDB: _mm_lfence() and _mm_sfence() are used for memory barrier
2018-07-08 19:10:29 11076 [Note] InnoDB: Compressed tables use zlib 1.2.3
2018-07-08 19:10:29 11076 [Note] InnoDB: Using generic crc32 instructions
2018-07-08 19:10:29 11076 [Note] InnoDB: Initializing buffer pool, size = 16.0M
2018-07-08 19:10:29 11076 [Note] InnoDB: Completed initialization of buffer pool
2018-07-08 19:10:29 11076 [Note] InnoDB: Highest supported file format is Barracuda.
2018-07-08 19:10:29 11076 [Note] InnoDB: The log sequence number 1835037 in ibdata file do not match the log sequence number 1898560 in the ib_logfiles!
2018-07-08 19:10:29 11076 [Note] InnoDB: Restoring possible half-written data pages from the doublewrite buffer...
2018-07-08 19:10:29 11076 [Note] InnoDB: 128 rollback segment(s) are active.
2018-07-08 19:10:29 11076 [Note] InnoDB: Waiting for purge to start
2018-07-08 19:10:29 11076 [Note] InnoDB:  Percona XtraDB (http://www.percona.com) 5.6.39-83.1 started; log sequence number 1898560
2018-07-08 19:10:29 8604 [Note] InnoDB: Dumping buffer pool(s) not yet started
2018-07-08 19:10:29 11076 [Note] Plugin 'FEEDBACK' is disabled.
2018-07-08 19:10:29 11076 [Note] Server socket created on IP: '::'.
2018-07-08 19:10:29 11076 [Note] c:\xampp\mysql\bin\mysqld.exe: ready for connections.
Version: '10.1.33-MariaDB'  socket: ''  port: 3306  mariadb.org binary distribution
2018-07-08 21:21:58 15844 [ERROR] Incorrect definition of table mysql.column_stats: expected column 'min_value' at position 3 to have type varbinary(255), found type varchar(255).
2018-07-08 21:21:58 15844 [ERROR] Incorrect definition of table mysql.column_stats: expected column 'max_value' at position 4 to have type varbinary(255), found type varchar(255).
2018-07-08 21:21:58 15844 [ERROR] Incorrect definition of table mysql.column_stats: expected column 'min_value' at position 3 to have type varbinary(255), found type varchar(255).
2018-07-08 21:21:58 15844 [ERROR] Incorrect definition of table mysql.column_stats: expected column 'max_value' at position 4 to have type varbinary(255), found type varchar(255).
2018-07-08 21:21:58 15844 [ERROR] Incorrect definition of table mysql.column_stats: expected column 'min_value' at position 3 to have type varbinary(255), found type varchar(255).
2018-07-08 21:21:58 15844 [ERROR] Incorrect definition of table mysql.column_stats: expected column 'max_value' at position 4 to have type varbinary(255), found type varchar(255).
2018-07-08 21:21:58 15844 [ERROR] Incorrect definition of table mysql.column_stats: expected column 'min_value' at position 3 to have type varbinary(255), found type varchar(255).
2018-07-08 21:21:58 15844 [ERROR] Incorrect definition of table mysql.column_stats: expected column 'max_value' at position 4 to have type varbinary(255), found type varchar(255).
2018-07-08 21:23:41 15844 [ERROR] Incorrect definition of table mysql.column_stats: expected column 'min_value' at position 3 to have type varbinary(255), found type varchar(255).
2018-07-08 21:23:41 15844 [ERROR] Incorrect definition of table mysql.column_stats: expected column 'max_value' at position 4 to have type varbinary(255), found type varchar(255).
2018-07-08 21:23:41 15844 [ERROR] Incorrect definition of table mysql.column_stats: expected column 'min_value' at position 3 to have type varbinary(255), found type varchar(255).
2018-07-08 21:23:41 15844 [ERROR] Incorrect definition of table mysql.column_stats: expected column 'max_value' at position 4 to have type varbinary(255), found type varchar(255).
2018-07-08 21:23:41 15844 [ERROR] Incorrect definition of table mysql.column_stats: expected column 'min_value' at position 3 to have type varbinary(255), found type varchar(255).
2018-07-08 21:23:41 15844 [ERROR] Incorrect definition of table mysql.column_stats: expected column 'max_value' at position 4 to have type varbinary(255), found type varchar(255).
2018-07-08 21:54:47 15844 [ERROR] Incorrect definition of table mysql.column_stats: expected column 'min_value' at position 3 to have type varbinary(255), found type varchar(255).
2018-07-08 21:54:47 15844 [ERROR] Incorrect definition of table mysql.column_stats: expected column 'max_value' at position 4 to have type varbinary(255), found type varchar(255).
2018-07-08 21:54:47 15844 [ERROR] Incorrect definition of table mysql.column_stats: expected column 'min_value' at position 3 to have type varbinary(255), found type varchar(255).
2018-07-08 21:54:47 15844 [ERROR] Incorrect definition of table mysql.column_stats: expected column 'max_value' at position 4 to have type varbinary(255), found type varchar(255).
2018-07-08 21:54:47 15844 [ERROR] Incorrect definition of table mysql.column_stats: expected column 'min_value' at position 3 to have type varbinary(255), found type varchar(255).
2018-07-08 21:54:47 15844 [ERROR] Incorrect definition of table mysql.column_stats: expected column 'max_value' at position 4 to have type varbinary(255), found type varchar(255).
