21:55:44  [main] 	Initializing Control Panel
21:55:44  [main] 	Windows Version:  Enterprise  64-bit
21:55:44  [main] 	XAMPP Version: 7.2.6
21:55:44  [main] 	Control Panel Version: 3.2.2  [ Compiled: Nov 12th 2015 ]
21:55:44  [main] 	You are not running with administrator rights! This will work for
21:55:44  [main] 	most application stuff but whenever you do something with services
21:55:44  [main] 	there will be a security dialogue or things will break! So think 
21:55:44  [main] 	about running this application with administrator rights!
21:55:44  [main] 	XAMPP Installation Directory: "c:\xampp\"
21:55:44  [main] 	Checking for prerequisites
21:55:45  [main] 	All prerequisites found
21:55:45  [main] 	Initializing Modules
21:55:45  [main] 	Starting Check-Timer
21:55:45  [main] 	Control Panel Ready
21:55:54  [Apache] 	Attempting to start Apache app...
21:55:54  [mysql] 	Attempting to start MySQL app...
21:55:54  [Apache] 	Status change detected: running
21:55:54  [mysql] 	Status change detected: running
22:11:37  [mysql] 	Attempting to stop MySQL app...
22:11:37  [mysql] 	Status change detected: stopped
22:11:38  [Apache] 	Attempting to stop Apache (PID: 4460)
22:11:38  [Apache] 	Attempting to stop Apache (PID: 8480)
22:11:38  [Apache] 	Status change detected: stopped
22:11:39  [Apache] 	Attempting to start Apache app...
22:11:39  [Apache] 	Status change detected: running
22:11:40  [mysql] 	Attempting to start MySQL app...
22:11:41  [mysql] 	Status change detected: running
22:13:53  [mysql] 	Attempting to stop MySQL app...
22:13:54  [mysql] 	Status change detected: stopped
22:13:54  [Apache] 	Attempting to stop Apache (PID: 18828)
22:13:54  [Apache] 	Attempting to stop Apache (PID: 4632)
22:13:54  [Apache] 	Status change detected: stopped
22:13:55  [Apache] 	Attempting to start Apache app...
22:13:55  [mysql] 	Attempting to start MySQL app...
22:13:55  [Apache] 	Status change detected: running
22:13:55  [mysql] 	Status change detected: running
22:37:33  [Apache] 	Attempting to stop Apache (PID: 11132)
22:37:33  [Apache] 	Attempting to stop Apache (PID: 3552)
22:37:33  [Apache] 	Status change detected: stopped
22:37:33  [mysql] 	Attempting to stop MySQL app...
22:37:33  [mysql] 	Status change detected: stopped
22:38:02  [main] 	Deinitializing Modules
22:38:02  [main] 	Deinitializing Control Panel

09:15:27  [main] 	Initializing Control Panel
09:15:27  [main] 	Windows Version:  Enterprise  64-bit
09:15:27  [main] 	XAMPP Version: 7.2.6
09:15:27  [main] 	Control Panel Version: 3.2.2  [ Compiled: Nov 12th 2015 ]
09:15:27  [main] 	You are not running with administrator rights! This will work for
09:15:27  [main] 	most application stuff but whenever you do something with services
09:15:27  [main] 	there will be a security dialogue or things will break! So think 
09:15:27  [main] 	about running this application with administrator rights!
09:15:27  [main] 	XAMPP Installation Directory: "c:\xampp\"
09:15:27  [main] 	Checking for prerequisites
09:15:28  [main] 	All prerequisites found
09:15:28  [main] 	Initializing Modules
09:15:28  [main] 	Starting Check-Timer
09:15:28  [main] 	Control Panel Ready
09:15:29  [Apache] 	Attempting to start Apache app...
09:15:30  [Apache] 	Status change detected: running
09:15:30  [mysql] 	Attempting to start MySQL app...
09:15:30  [mysql] 	Status change detected: running
09:50:24  [mysql] 	Attempting to stop MySQL app...
09:50:24  [mysql] 	Status change detected: stopped
09:50:24  [Apache] 	Attempting to stop Apache (PID: 14892)
09:50:24  [Apache] 	Attempting to stop Apache (PID: 6660)
09:50:25  [Apache] 	Status change detected: stopped
09:50:25  [mysql] 	Attempting to start MySQL app...
09:50:25  [mysql] 	Status change detected: running
09:50:25  [Apache] 	Attempting to start Apache app...
09:50:26  [Apache] 	Status change detected: running
11:15:59  [mysql] 	Attempting to stop MySQL app...
11:15:59  [mysql] 	Status change detected: stopped
11:15:59  [Apache] 	Attempting to stop Apache (PID: 12796)
11:15:59  [Apache] 	Attempting to stop Apache (PID: 13696)
11:16:00  [Apache] 	Status change detected: stopped
11:16:00  [Apache] 	Attempting to start Apache app...
11:16:00  [Apache] 	Status change detected: running
11:16:01  [mysql] 	Attempting to start MySQL app...
11:16:01  [mysql] 	Status change detected: running
12:40:31  [Apache] 	Status change detected: stopped
12:40:31  [Apache] 	Error: Apache shutdown unexpectedly.
12:40:31  [Apache] 	This may be due to a blocked port, missing dependencies, 
12:40:31  [Apache] 	improper privileges, a crash, or a shutdown by another method.
12:40:31  [Apache] 	Press the Logs button to view error logs and check
12:40:31  [Apache] 	the Windows Event Viewer for more clues
12:40:31  [Apache] 	If you need more help, copy and post this
12:40:31  [Apache] 	entire log window on the forums
12:40:31  [mysql] 	Status change detected: stopped
12:40:31  [mysql] 	Error: MySQL shutdown unexpectedly.
12:40:31  [mysql] 	This may be due to a blocked port, missing dependencies, 
12:40:31  [mysql] 	improper privileges, a crash, or a shutdown by another method.
12:40:31  [mysql] 	Press the Logs button to view error logs and check
12:40:31  [mysql] 	the Windows Event Viewer for more clues
12:40:31  [mysql] 	If you need more help, copy and post this
12:40:31  [mysql] 	entire log window on the forums
12:40:31  [main] 	Deinitializing Modules
12:40:31  [main] 	Deinitializing Control Panel

